   4.062     0.000   -487.930345347273
   4.426     0.000   -488.014250260902
   4.789     0.000   -488.265142821050
   5.152     0.000   -488.660706946997
   5.515     0.000   -489.181342221280
   5.878     0.000   -489.809642970725
   6.241     0.000   -490.530042602563
   6.604     0.000   -491.328561965873
   6.967     0.000   -492.192621561996
   7.330     0.000   -493.110893073285
   7.693     0.000   -494.073176006310
   8.056     0.000   -495.070291517276
   8.419     0.000   -496.093989038452
   8.782     0.000   -497.136863205896
   9.145     0.000   -498.192279522325
   9.508     0.000   -499.254307626469
   9.871     0.000   -500.317661242809
  10.234     0.000   -501.377643992272
  10.597     0.000   -502.430100321499
  10.960     0.000   -503.471370882461
  11.323     0.000   -504.498251772134
  11.686     0.000   -505.507957122299
  12.049     0.000   -506.498084608051
  12.412     0.000   -507.466583516742
  12.775     0.000   -508.411725084020
  13.138     0.000   -509.332074859303
  13.501     0.000   -510.226466909134
  13.864     0.000   -511.093979704038
  14.227     0.000   -511.933913563742
  14.590     0.000   -512.745769558076
  14.953     0.000   -513.529229777775
  15.316     0.000   -514.284138901893
  15.679     0.000   -515.010486997559
  16.042     0.000   -515.708393494182
  16.405     0.000   -516.378092278734
  16.768     0.000   -517.019917861746
  17.131     0.000   -517.634292565760
  17.494     0.000   -518.221714689401
  17.857     0.000   -518.782747601193
  18.220     0.000   -519.318009718008
  18.583     0.000   -519.828165323652
  18.946     0.000   -520.313916183651
  19.309     0.000   -520.775993912921
  19.672     0.000   -521.215153053699
  20.035     0.000   -521.632164821819
  20.398     0.000   -522.027811480348
  20.761     0.000   -522.402881300505
  21.124     0.000   -522.758164070924
  21.487     0.000   -523.094447117417
  21.850     0.000   -523.412511796743
  22.213     0.000   -523.713130429148
  22.576     0.000   -523.997063635904
  22.939     0.000   -524.265058049491
  23.302     0.000   -524.517844365599
  23.665     0.000   -524.756135707622
  24.028     0.000   -524.980626275872
  24.391     0.000   -525.191990255277
  24.754     0.000   -525.390880956870
  25.117     0.000   -525.577930169877
  25.480     0.000   -525.753747702736
  25.843     0.000   -525.918921092796
  26.206     0.000   -526.074015465905
  26.569     0.000   -526.219573528446
  26.932     0.000   -526.356115675711
  27.295     0.000   -526.484140201763
  27.658     0.000   -526.604123597168
  28.021     0.000   -526.716520922119
  28.384     0.000   -526.821766243553
  28.747     0.000   -526.920273125939
  29.110     0.000   -527.012435166327
  29.473     0.000   -527.098626565220
  29.836     0.000   -527.179202725625
  30.199     0.000   -527.254500873485
  30.562     0.000   -527.324840693392
  30.925     0.000   -527.390524974178
  31.288     0.000   -527.451840259623
  31.651     0.000   -527.509057500072
  32.014     0.000   -527.562432701308
  32.377     0.000   -527.612207567506
  32.740     0.000   -527.658610135527
  33.103     0.000   -527.701855398239
  33.466     0.000   -527.742145914881
  33.829     0.000   -527.779672406863
  34.192     0.000   -527.814614337629
  34.555     0.000   -527.847140475548
  34.918     0.000   -527.877409438978
  35.281     0.000   -527.905570222882
  35.644     0.000   -527.931762706570
  36.007     0.000   -527.956118142291
  36.370     0.000   -527.978759624549
  36.733     0.000   -527.999802540151
  37.096     0.000   -528.019354999088
  37.459     0.000   -528.037518246462
  37.822     0.000   -528.054387055738
  38.185     0.000   -528.070050103684
  38.548     0.000   -528.084590327391
  38.911     0.000   -528.098085263843
  39.274     0.000   -528.110607372530
  39.637     0.000   -528.122224341618
  40.000     0.000   -528.132999378230
   4.062    10.000   -490.512210760583
   4.426    10.000   -490.590745034009
   4.789    10.000   -490.825578386321
   5.152    10.000   -491.195823148604
   5.515    10.000   -491.683133490368
   5.878    10.000   -492.271217843677
   6.241    10.000   -492.945506004701
   6.604    10.000   -493.692913602114
   6.967    10.000   -494.501666327599
   7.330    10.000   -495.361160967997
   7.693    10.000   -496.261849944371
   8.056    10.000   -497.195141933477
   8.419    10.000   -498.153314470882
   8.782    10.000   -499.129436195996
   9.145    10.000   -500.117297273138
   9.508    10.000   -501.111346932193
   9.871    10.000   -502.106637262073
  10.234    10.000   -503.098772489963
  10.597    10.000   -504.083863051523
  10.960    10.000   -505.058483826571
  11.323    10.000   -506.019635987756
  11.686    10.000   -506.964711984913
  12.049    10.000   -507.891463261310
  12.412    10.000   -508.797970366440
  12.775    10.000   -509.682615190793
  13.138    10.000   -510.544055100165
  13.501    10.000   -511.381198790207
  13.864    10.000   -512.193183716723
  14.227    10.000   -512.979354984573
  14.590    10.000   -513.739245599089
  14.953    10.000   -514.472557999709
  15.316    10.000   -515.179146807226
  15.679    10.000   -515.859002724490
  16.042    10.000   -516.512237536406
  16.405    10.000   -517.139070159231
  16.768    10.000   -517.739813692061
  17.131    10.000   -518.314863425327
  17.494    10.000   -518.864685762459
  17.857    10.000   -519.389808011789
  18.220    10.000   -519.890809006461
  18.583    10.000   -520.368310510695
  18.946    10.000   -520.822969371303
  19.309    10.000   -521.255470373886
  19.672    10.000   -521.666519763833
  20.035    10.000   -522.056839392887
  20.398    10.000   -522.427161452911
  20.761    10.000   -522.778223759356
  21.124    10.000   -523.110765547956
  21.487    10.000   -523.425523749272
  21.850    10.000   -523.723229706876
  22.213    10.000   -524.004606306241
  22.576    10.000   -524.270365482695
  22.939    10.000   -524.521206078170
  23.302    10.000   -524.757812017897
  23.665    10.000   -524.980850779577
  24.028    10.000   -525.190972129061
  24.391    10.000   -525.388807097967
  24.754    10.000   -525.574967180114
  25.117    10.000   -525.750043725085
  25.480    10.000   -525.914607508626
  25.843    10.000   -526.069208460923
  26.206    10.000   -526.214375535180
  26.569    10.000   -526.350616700166
  26.932    10.000   -526.478419041647
  27.295    10.000   -526.598248958818
  27.658    10.000   -526.710552442984
  28.021    10.000   -526.815755426786
  28.384    10.000   -526.914264193356
  28.747    10.000   -527.006465835677
  29.110    10.000   -527.092728757394
  29.473    10.000   -527.173403207138
  29.836    10.000   -527.248821839239
  30.199    10.000   -527.319300294442
  30.562    10.000   -527.385137794928
  30.925    10.000   -527.446617748589
  31.288    10.000   -527.504008358074
  31.651    10.000   -527.557563230707
  32.014    10.000   -527.607521985824
  32.377    10.000   -527.654110856569
  32.740    10.000   -527.697543283593
  33.103    10.000   -527.738020498476
  33.466    10.000   -527.775732095021
  33.829    10.000   -527.810856586919
  34.192    10.000   -527.843561950498
  34.555    10.000   -527.874006151582
  34.918    10.000   -527.902337655664
  35.281    10.000   -527.928695920822
  35.644    10.000   -527.953211872954
  36.007    10.000   -527.976008363099
  36.370    10.000   -527.997200606716
  36.733    10.000   -528.016896604917
  37.096    10.000   -528.035197547777
  37.459    10.000   -528.052198199889
  37.822    10.000   -528.067987268450
  38.185    10.000   -528.082647754192
  38.548    10.000   -528.096257285559
  38.911    10.000   -528.108888436540
  39.274    10.000   -528.120609028630
  39.637    10.000   -528.131482417402
  40.000    10.000   -528.141567764210
   4.062    20.000   -497.348841143592
   4.426    20.000   -497.413154272620
   4.789    20.000   -497.605463771226
   5.152    20.000   -497.908664322392
   5.515    20.000   -498.307732169398
   5.878    20.000   -498.789325830588
   6.241    20.000   -499.341513482448
   6.604    20.000   -499.953580078297
   6.967    20.000   -500.615883407306
   7.330    20.000   -501.319740291088
   7.693    20.000   -502.057332030543
   8.056    20.000   -502.821623022896
   8.419    20.000   -503.606289190720
   8.782    20.000   -504.405654306909
   9.145    20.000   -505.214633015154
   9.508    20.000   -506.028679680792
   9.871    20.000   -506.843742362185
  10.234    20.000   -507.656221274518
  10.597    20.000   -508.462931177001
  10.960    20.000   -509.261067171255
  11.323    20.000   -510.048173458460
  11.686    20.000   -510.822114664352
  12.049    20.000   -511.581049401439
  12.412    20.000   -512.323405793774
  12.775    20.000   -513.047858739475
  13.138    20.000   -513.753308728801
  13.501    20.000   -514.438862070973
  13.864    20.000   -515.103812411396
  14.227    20.000   -515.747623443380
  14.590    20.000   -516.369912735624
  14.953    20.000   -516.970436609756
  15.316    20.000   -517.549076011711
  15.679    20.000   -518.105823327703
  16.042    20.000   -518.640770100427
  16.405    20.000   -519.154095604553
  16.768    20.000   -519.646056242937
  17.131    20.000   -520.116975726540
  17.494    20.000   -520.567236002164
  17.857    20.000   -520.997268892834
  18.220    20.000   -521.407548416265
  18.583    20.000   -521.798583747280
  18.946    20.000   -522.170912790530
  19.309    20.000   -522.525096330296
  19.672    20.000   -522.861712724704
  20.035    20.000   -523.181353112236
  20.398    20.000   -523.484617099107
  20.761    20.000   -523.772108896801
  21.124    20.000   -524.044433879908
  21.487    20.000   -524.302195535264
  21.850    20.000   -524.545992774420
  22.213    20.000   -524.776417582424
  22.576    20.000   -524.994052977039
  22.939    20.000   -525.199471253593
  23.302    20.000   -525.393232491836
  23.665    20.000   -525.575883302318
  24.028    20.000   -525.747955791007
  24.391    20.000   -525.909966722045
  24.754    20.000   -526.062416859686
  25.117    20.000   -526.205790471681
  25.480    20.000   -526.340554977457
  25.843    20.000   -526.467160725610
  26.206    20.000   -526.586040886275
  26.569    20.000   -526.697611445020
  26.932    20.000   -526.802271285916
  27.295    20.000   -526.900402352396
  27.658    20.000   -526.992369875471
  28.021    20.000   -527.078522659722
  28.384    20.000   -527.159193418362
  28.747    20.000   -527.234699149414
  29.110    20.000   -527.305341545838
  29.473    20.000   -527.371407433097
  29.836    20.000   -527.433169228337
  30.199    20.000   -527.490885415946
  30.562    20.000   -527.544801034828
  30.925    20.000   -527.595148173255
  31.288    20.000   -527.642146467631
  31.651    20.000   -527.686003601961
  32.014    20.000   -527.726915805213
  32.377    20.000   -527.765068344138
  32.740    20.000   -527.800636009467
  33.103    20.000   -527.833783593682
  33.466    20.000   -527.864666358864
  33.829    20.000   -527.893430493369
  34.192    20.000   -527.920213556303
  34.555    20.000   -527.945144908973
  34.918    20.000   -527.968346132682
  35.281    20.000   -527.989931432379
  35.644    20.000   -528.010008025848
  36.007    20.000   -528.028676518211
  36.370    20.000   -528.046031261665
  36.733    20.000   -528.062160700436
  37.096    20.000   -528.077147701058
  37.459    20.000   -528.091069868114
  37.822    20.000   -528.103999845664
  38.185    20.000   -528.116005604635
  38.548    20.000   -528.127150716479
  38.911    20.000   -528.137494613458
  39.274    20.000   -528.147092835922
  39.637    20.000   -528.155997266993
  40.000    20.000   -528.164256355060
   4.062    30.000   -506.102852023014
   4.426    30.000   -506.148955590240
   4.789    30.000   -506.286815126218
   5.152    30.000   -506.504168452661
   5.515    30.000   -506.790245585277
   5.878    30.000   -507.135482500865
   6.241    30.000   -507.531325708314
   6.604    30.000   -507.970093979143
   6.967    30.000   -508.444875161567
   7.330    30.000   -508.949444599063
   7.693    30.000   -509.478197348741
   8.056    30.000   -510.026089840911
   8.419    30.000   -510.588588572513
   8.782    30.000   -511.161624460838
   9.145    30.000   -511.741551997011
   9.508    30.000   -512.325112579048
   9.871    30.000   -512.909401515627
  10.234    30.000   -513.491838250307
  10.597    30.000   -514.070139398283
  10.960    30.000   -514.642294228508
  11.323    30.000   -515.206542266819
  11.686    30.000   -515.761352739874
  12.049    30.000   -516.305405622865
  12.412    30.000   -516.837574094113
  12.775    30.000   -517.356908235393
  13.138    30.000   -517.862619847377
  13.501    30.000   -518.354068274955
  13.864    30.000   -518.830747157602
  14.227    30.000   -519.292272036029
  14.590    30.000   -519.738368758693
  14.953    30.000   -520.168862641047
  15.316    30.000   -520.583668337240
  15.679    30.000   -520.982780388962
  16.042    30.000   -521.366264419630
  16.405    30.000   -521.734248944573
  16.768    30.000   -522.086917769551
  17.131    30.000   -522.424502951099
  17.494    30.000   -522.747278292938
  17.857    30.000   -523.055553353275
  18.220    30.000   -523.349667938179
  18.583    30.000   -523.629987056597
  18.946    30.000   -523.896896312864
  19.309    30.000   -524.150797712908
  19.672    30.000   -524.392105860722
  20.035    30.000   -524.621244522085
  20.398    30.000   -524.838643532998
  20.761    30.000   -525.044736030817
  21.124    30.000   -525.239955986696
  21.487    30.000   -525.424736018532
  21.850    30.000   -525.599505464371
  22.213    30.000   -525.764688696901
  22.576    30.000   -525.920703660495
  22.939    30.000   -526.067960613002
  23.302    30.000   -526.206861055364
  23.665    30.000   -526.337796832947
  24.028    30.000   -526.461149393307
  24.391    30.000   -526.577289185997
  24.754    30.000   -526.686575190836
  25.117    30.000   -526.789354561891
  25.480    30.000   -526.885962375280
  25.843    30.000   -526.976721469657
  26.206    30.000   -527.061942369057
  26.569    30.000   -527.141923278522
  26.932    30.000   -527.216950143648
  27.295    30.000   -527.287296765902
  27.658    30.000   -527.353224966216
  28.021    30.000   -527.414984790008
  28.384    30.000   -527.472814747377
  28.747    30.000   -527.526942082768
  29.110    30.000   -527.577583068981
  29.473    30.000   -527.624943320842
  29.836    30.000   -527.669218124375
  30.199    30.000   -527.710592777713
  30.562    30.000   -527.749242940408
  30.925    30.000   -527.785334988170
  31.288    30.000   -527.819026370414
  31.651    30.000   -527.850465968311
  32.014    30.000   -527.879794451330
  32.377    30.000   -527.907144630523
  32.740    30.000   -527.932641807061
  33.103    30.000   -527.956404114729
  33.466    30.000   -527.978542855314
  33.829    30.000   -527.999162825974
  34.192    30.000   -528.018362637873
  34.555    30.000   -528.036235025465
  34.918    30.000   -528.052867146001
  35.281    30.000   -528.068340868890
  35.644    30.000   -528.082733054694
  36.007    30.000   -528.096115823599
  36.370    30.000   -528.108556813288
  36.733    30.000   -528.120119426240
  37.096    30.000   -528.130863066484
  37.459    30.000   -528.140843365947
  37.822    30.000   -528.150112400534
  38.185    30.000   -528.158718896153
  38.548    30.000   -528.166708424885
  38.911    30.000   -528.174123591575
  39.274    30.000   -528.181004211097
  39.637    30.000   -528.187387476589
  40.000    30.000   -528.193308118956
   4.062    40.000   -513.998111347756
   4.426    40.000   -514.027791678706
   4.789    40.000   -514.116542690826
   5.152    40.000   -514.256470241951
   5.515    40.000   -514.440640833313
   5.878    40.000   -514.662897338762
   6.241    40.000   -514.917733191688
   6.604    40.000   -515.200203370100
   6.967    40.000   -515.505857967734
   7.330    40.000   -515.830689673692
   7.693    40.000   -516.171090136091
   8.056    40.000   -516.523812403744
   8.419    40.000   -516.885937896079
   8.782    40.000   -517.254847017039
   9.145    40.000   -517.628192858945
   9.508    40.000   -518.003877597088
   9.871    40.000   -518.380031247436
  10.234    40.000   -518.754992497599
  10.597    40.000   -519.127291348447
  10.960    40.000   -519.495633329991
  11.323    40.000   -519.858885082732
  11.686    40.000   -520.216061124082
  12.049    40.000   -520.566311647252
  12.412    40.000   -520.908911225880
  12.775    40.000   -521.243248320612
  13.138    40.000   -521.568815503593
  13.501    40.000   -521.885200333079
  13.864    40.000   -522.192076823588
  14.227    40.000   -522.489197467303
  14.590    40.000   -522.776385770408
  14.953    40.000   -523.053529274024
  15.316    40.000   -523.320573033809
  15.679    40.000   -523.577513535485
  16.042    40.000   -523.824393025824
  16.405    40.000   -524.061294240209
  16.768    40.000   -524.288335508944
  17.131    40.000   -524.505666225257
  17.494    40.000   -524.713462658423
  17.857    40.000   -524.911924095770
  18.220    40.000   -525.101269297628
  18.583    40.000   -525.281733249460
  18.946    40.000   -525.453564195654
  19.309    40.000   -525.617020939635
  19.672    40.000   -525.772370395228
  20.035    40.000   -525.919885374448
  20.398    40.000   -526.059842597208
  20.761    40.000   -526.192520908783
  21.124    40.000   -526.318199691233
  21.487    40.000   -526.437157455429
  21.850    40.000   -526.549670600744
  22.213    40.000   -526.656012329958
  22.576    40.000   -526.756451707431
  22.939    40.000   -526.851252849095
  23.302    40.000   -526.940674233362
  23.665    40.000   -527.024968122576
  24.028    40.000   -527.104380085179
  24.391    40.000   -527.179148609318
  24.754    40.000   -527.249504799148
  25.117    40.000   -527.315672145646
  25.480    40.000   -527.377866364238
  25.843    40.000   -527.436295292116
  26.206    40.000   -527.491158838561
  26.569    40.000   -527.542648982131
  26.932    40.000   -527.590949808993
  27.295    40.000   -527.636237587162
  27.658    40.000   -527.678680871820
  28.021    40.000   -527.718440637308
  28.384    40.000   -527.755670431751
  28.747    40.000   -527.790516550671
  29.110    40.000   -527.823118226256
  29.473    40.000   -527.853607829304
  29.836    40.000   -527.882111081131
  30.199    40.000   -527.908747273045
  30.562    40.000   -527.933629491224
  30.925    40.000   -527.956864845092
  31.288    40.000   -527.978554697497
  31.651    40.000   -527.998794895222
  32.014    40.000   -528.017675998517
  32.377    40.000   -528.035283508535
  32.740    40.000   -528.051698091717
  33.103    40.000   -528.066995800281
  33.466    40.000   -528.081248288137
  33.829    40.000   -528.094523021644
  34.192    40.000   -528.106883484739
  34.555    40.000   -528.118389378048
  34.918    40.000   -528.129096811702
  35.281    40.000   -528.139058491624
  35.644    40.000   -528.148323899141
  36.007    40.000   -528.156939463814
  36.370    40.000   -528.164948729462
  36.733    40.000   -528.172392513358
  37.096    40.000   -528.179309058654
  37.459    40.000   -528.185734180095
  37.822    40.000   -528.191701403130
  38.185    40.000   -528.197242096545
  38.548    40.000   -528.202385598752
  38.911    40.000   -528.207159337919
  39.274    40.000   -528.211588946081
  39.637    40.000   -528.215698367453
  40.000    40.000   -528.219509961111
   4.062    50.000   -518.959513671272
   4.426    50.000   -518.978873600539
   4.789    50.000   -519.036764687721
   5.152    50.000   -519.128037676267
   5.515    50.000   -519.248169925225
   5.878    50.000   -519.393145211719
   6.241    50.000   -519.559371664715
   6.604    50.000   -519.743623701766
   6.967    50.000   -519.942998698353
   7.330    50.000   -520.154882729577
   7.693    50.000   -520.376922106757
   8.056    50.000   -520.606998878649
   8.419    50.000   -520.843209286365
   8.782    50.000   -521.083844595203
   9.145    50.000   -521.327373942013
   9.508    50.000   -521.572428937690
   9.871    50.000   -521.817789811085
  10.234    50.000   -522.062372905282
  10.597    50.000   -522.305219354930
  10.960    50.000   -522.545484790449
  11.323    50.000   -522.782429932913
  11.686    50.000   -523.015411961933
  12.049    50.000   -523.243876557019
  12.412    50.000   -523.467350529724
  12.775    50.000   -523.685434978908
  13.138    50.000   -523.897798914282
  13.501    50.000   -524.104173304012
  13.864    50.000   -524.304345510791
  14.227    50.000   -524.498154087487
  14.590    50.000   -524.685483908673
  14.953    50.000   -524.866261618256
  15.316    50.000   -525.040451376291
  15.679    50.000   -525.208050890138
  16.042    50.000   -525.369087716633
  16.405    50.000   -525.523615822917
  16.768    50.000   -525.671712394344
  17.131    50.000   -525.813474878302
  17.494    50.000   -525.949018253156
  17.857    50.000   -526.078472511719
  18.220    50.000   -526.201980348850
  18.583    50.000   -526.319695042909
  18.946    50.000   -526.431778520919
  19.309    50.000   -526.538399597465
  19.672    50.000   -526.639732377473
  20.035    50.000   -526.735954813202
  20.398    50.000   -526.827247406005
  20.761    50.000   -526.913792043589
  21.124    50.000   -526.995770963815
  21.487    50.000   -527.073365836279
  21.850    50.000   -527.146756953277
  22.213    50.000   -527.216122522009
  22.576    50.000   -527.281638050231
  22.939    50.000   -527.343475817898
  23.302    50.000   -527.401804427678
  23.665    50.000   -527.456788427563
  24.028    50.000   -527.508587999193
  24.391    50.000   -527.557358705807
  24.754    50.000   -527.603251294150
  25.117    50.000   -527.646411544972
  25.480    50.000   -527.686980167121
  25.843    50.000   -527.725092730556
  26.206    50.000   -527.760879633947
  26.569    50.000   -527.794466102840
  26.932    50.000   -527.825972214661
  27.295    50.000   -527.855512947139
  27.658    50.000   -527.883198247006
  28.021    50.000   -527.909133116096
  28.384    50.000   -527.933417712198
  28.747    50.000   -527.956147462311
  29.110    50.000   -527.977413186096
  29.473    50.000   -527.997301227602
  29.836    50.000   -528.015893593495
  30.199    50.000   -528.033268096213
  30.562    50.000   -528.049498500658
  30.925    50.000   -528.064654673156
  31.288    50.000   -528.078802731609
  31.651    50.000   -528.092005195843
  32.014    50.000   -528.104321137337
  32.377    50.000   -528.115806327580
  32.740    50.000   -528.126513384424
  33.103    50.000   -528.136491915915
  33.466    50.000   -528.145788661133
  33.829    50.000   -528.154447627660
  34.192    50.000   -528.162510225386
  34.555    50.000   -528.170015396392
  34.918    50.000   -528.176999740715
  35.281    50.000   -528.183497637863
  35.644    50.000   -528.189541363976
  36.007    50.000   -528.195161204560
  36.370    50.000   -528.200385562780
  36.733    50.000   -528.205241063308
  37.096    50.000   -528.209752651742
  37.459    50.000   -528.213943689656
  37.822    50.000   -528.217836045342
  38.185    50.000   -528.221450180323
  38.548    50.000   -528.224805231731
  38.911    50.000   -528.227919090666
  39.274    50.000   -528.230808476631
  39.637    50.000   -528.233489008180
  40.000    50.000   -528.235975269900
   4.062    60.000   -520.388648064657
   4.426    60.000   -520.405035204167
   4.789    60.000   -520.454037081606
   5.152    60.000   -520.531295105921
   5.515    60.000   -520.632981084830
   5.878    60.000   -520.755695483630
   6.241    60.000   -520.896397960245
   6.604    60.000   -521.052358217617
   6.967    60.000   -521.221119326495
   7.330    60.000   -521.400468727514
   7.693    60.000   -521.588414138367
   8.056    60.000   -521.783162816830
   8.419    60.000   -521.983103323935
   8.782    60.000   -522.186789299077
   9.145    60.000   -522.392924941174
   9.508    60.000   -522.600351975444
   9.871    60.000   -522.808037924918
  10.234    60.000   -523.015065526662
  10.597    60.000   -523.220623147697
  10.960    60.000   -523.423996070122
  11.323    60.000   -523.624558530146
  11.686    60.000   -523.821766411427
  12.049    60.000   -524.015150508476
  12.412    60.000   -524.204310290126
  12.775    60.000   -524.388908105806
  13.138    60.000   -524.568663788174
  13.501    60.000   -524.743349614710
  13.864    60.000   -524.912785598125
  14.227    60.000   -525.076835081122
  14.590    60.000   -525.235400615484
  14.953    60.000   -525.388420108708
  15.316    60.000   -525.535863223888
  15.679    60.000   -525.677728020291
  16.042    60.000   -525.814037823312
  16.405    60.000   -525.944838313396
  16.768    60.000   -526.070194824079
  17.131    60.000   -526.190189839730
  17.494    60.000   -526.304920683840
  17.857    60.000   -526.414497388905
  18.220    60.000   -526.519040739094
  18.583    60.000   -526.618680476992
  18.946    60.000   -526.713553665867
  19.309    60.000   -526.803803198977
  19.672    60.000   -526.889576447594
  20.035    60.000   -526.971024039582
  20.398    60.000   -527.048298760488
  20.761    60.000   -527.121554569345
  21.124    60.000   -527.190945721576
  21.487    60.000   -527.256625991600
  21.850    60.000   -527.318747988023
  22.213    60.000   -527.377462554516
  22.576    60.000   -527.432918249812
  22.939    60.000   -527.485260900464
  23.302    60.000   -527.534633220385
  23.665    60.000   -527.581174491406
  24.028    60.000   -527.625020299451
  24.391    60.000   -527.666302321200
  24.754    60.000   -527.705148156403
  25.117    60.000   -527.741681201340
  25.480    60.000   -527.776020559176
  25.843    60.000   -527.808280983254
  26.206    60.000   -527.838572849678
  26.569    60.000   -527.867002155756
  26.932    60.000   -527.893670541160
  27.295    60.000   -527.918675328922
  27.658    60.000   -527.942109583581
  28.021    60.000   -527.964062184059
  28.384    60.000   -527.984617909033
  28.747    60.000   -528.003857532796
  29.110    60.000   -528.021857929756
  29.473    60.000   -528.038692185933
  29.836    60.000   -528.054429715965
  30.199    60.000   -528.069136384281
  30.562    60.000   -528.082874629268
  30.925    60.000   -528.095703589361
  31.288    60.000   -528.107679230132
  31.651    60.000   -528.118854471563
  32.014    60.000   -528.129279314778
  32.377    60.000   -528.139000967615
  32.740    60.000   -528.148063968520
  33.103    60.000   -528.156510308282
  33.466    60.000   -528.164379549247
  33.829    60.000   -528.171708941687
  34.192    60.000   -528.178533537052
  34.555    60.000   -528.184886297912
  34.918    60.000   -528.190798204410
  35.281    60.000   -528.196298357123
  35.644    60.000   -528.201414076227
  36.007    60.000   -528.206170996923
  36.370    60.000   -528.210593161106
  36.733    60.000   -528.214703105260
  37.096    60.000   -528.218521944614
  37.459    60.000   -528.222069453603
  37.822    60.000   -528.225364142666
  38.185    60.000   -528.228423331485
  38.548    60.000   -528.231263218707
  38.911    60.000   -528.233898948275
  39.274    60.000   -528.236344672432
  39.637    60.000   -528.238613611523
  40.000    60.000   -528.240718110686
   4.062    70.000   -519.235972294414
   4.426    70.000   -519.254757169443
   4.789    70.000   -519.310928701322
   5.152    70.000   -519.399490583257
   5.515    70.000   -519.516054511513
   5.878    70.000   -519.656723558158
   6.241    70.000   -519.818012542461
   6.604    70.000   -519.996791692303
   6.967    70.000   -520.190244600591
   7.330    70.000   -520.395834984521
   7.693    70.000   -520.611279067642
   8.056    70.000   -520.834521808768
   8.419    70.000   -521.063715996854
   8.782    70.000   -521.297203652185
   9.145    70.000   -521.533499383234
   9.508    70.000   -521.771275446505
   9.871    70.000   -522.009348302023
  10.234    70.000   -522.246666481008
  10.597    70.000   -522.482299599528
  10.960    70.000   -522.715428368526
  11.323    70.000   -522.945335468061
  11.686    70.000   -523.171397171600
  12.049    70.000   -523.393075623769
  12.412    70.000   -523.609911691355
  12.775    70.000   -523.821518321878
  13.138    70.000   -524.027574356531
  13.501    70.000   -524.227818754597
  13.864    70.000   -524.422045194786
  14.227    70.000   -524.610097025467
  14.590    70.000   -524.791862540809
  14.953    70.000   -524.967270563632
  15.316    70.000   -525.136286318547
  15.679    70.000   -525.298907581013
  16.042    70.000   -525.455161089332
  16.405    70.000   -525.605099207645
  16.768    70.000   -525.748796828647
  17.131    70.000   -525.886348505218
  17.494    70.000   -526.017865800490
  17.857    70.000   -526.143474846062
  18.220    70.000   -526.263314098293
  18.583    70.000   -526.377532282672
  18.946    70.000   -526.486286516461
  19.309    70.000   -526.589740599903
  19.672    70.000   -526.688063466438
  20.035    70.000   -526.781427782563
  20.398    70.000   -526.870008688151
  20.761    70.000   -526.953982668253
  21.124    70.000   -527.033526547670
  21.487    70.000   -527.108816599819
  21.850    70.000   -527.180027761729
  22.213    70.000   -527.247332947262
  22.576    70.000   -527.310902451025
  22.939    70.000   -527.370903435697
  23.302    70.000   -527.427499495894
  23.665    70.000   -527.480850292001
  24.028    70.000   -527.531111247739
  24.391    70.000   -527.578433305612
  24.754    70.000   -527.622962734697
  25.117    70.000   -527.664840985581
  25.480    70.000   -527.704204587600
  25.843    70.000   -527.741185083844
  26.206    70.000   -527.775908999718
  26.569    70.000   -527.808497841162
  26.932    70.000   -527.839068118909
  27.295    70.000   -527.867731395478
  27.658    70.000   -527.894594351826
  28.021    70.000   -527.919758870887
  28.384    70.000   -527.943322135440
  28.747    70.000   -527.965376737991
  29.110    70.000   -527.986010800562
  29.473    70.000   -528.005308102501
  29.836    70.000   -528.023348214609
  30.199    70.000   -528.040206638044
  30.562    70.000   -528.055954946648
  30.925    70.000   -528.070660931491
  31.288    70.000   -528.084388746556
  31.651    70.000   -528.097199054629
  32.014    70.000   -528.109149172574
  32.377    70.000   -528.120293215282
  32.740    70.000   -528.130682237687
  33.103    70.000   -528.140364374313
  33.466    70.000   -528.149384975937
  33.829    70.000   -528.157786742972
  34.192    70.000   -528.165609855302
  34.555    70.000   -528.172892098300
  34.918    70.000   -528.179668984861
  35.281    70.000   -528.185973873313
  35.644    70.000   -528.191838081087
  36.007    70.000   -528.197290994112
  36.370    70.000   -528.202360171887
  36.733    70.000   -528.207071448244
  37.096    70.000   -528.211449027815
  37.459    70.000   -528.215515578260
  37.822    70.000   -528.219292318311
  38.185    70.000   -528.222799101717
  38.548    70.000   -528.226054497177
  38.911    70.000   -528.229075864365
  39.274    70.000   -528.231879426160
  39.637    70.000   -528.234480337196
  40.000    70.000   -528.236892748848
   4.062    80.000   -517.360789348055
   4.426    80.000   -517.383474871958
   4.789    80.000   -517.451310051999
   5.152    80.000   -517.558261140066
   5.515    80.000   -517.699028638385
   5.878    80.000   -517.868906455492
   6.241    80.000   -518.063685743318
   6.604    80.000   -518.279586860284
   6.967    80.000   -518.513208597620
   7.330    80.000   -518.761488036420
   7.693    80.000   -519.021667195004
   8.056    80.000   -519.291264321929
   8.419    80.000   -519.568048650054
   8.782    80.000   -519.850017935818
   9.145    80.000   -520.135378360269
   9.508    80.000   -520.422526486698
   9.871    80.000   -520.710033024475
  10.234    80.000   -520.996628177547
  10.597    80.000   -521.281188376858
  10.960    80.000   -521.562724216047
  11.323    80.000   -521.840369430801
  11.686    80.000   -522.113370784001
  12.049    80.000   -522.381078740019
  12.412    80.000   -522.642938831289
  12.775    80.000   -522.898483637852
  13.138    80.000   -523.147325315607
  13.501    80.000   -523.389148621483
  13.864    80.000   -523.623704393792
  14.227    80.000   -523.850803453923
  14.590    80.000   -524.070310901623
  14.953    80.000   -524.282140780663
  15.316    80.000   -524.486251095085
  15.679    80.000   -524.682639158634
  16.042    80.000   -524.871337261749
  16.405    80.000   -525.052408641656
  16.768    80.000   -525.225943741966
  17.131    80.000   -525.392056748716
  17.494    80.000   -525.550882390201
  17.857    80.000   -525.702572988179
  18.220    80.000   -525.847295748277
  18.583    80.000   -525.985230277533
  18.946    80.000   -526.116566317224
  19.309    80.000   -526.241501679253
  19.672    80.000   -526.360240374577
  20.035    80.000   -526.472990922340
  20.398    80.000   -526.579964828624
  20.761    80.000   -526.681375224002
  21.124    80.000   -526.777435649333
  21.487    80.000   -526.868358979605
  21.850    80.000   -526.954356475916
  22.213    80.000   -527.035636956110
  22.576    80.000   -527.112406074905
  22.939    80.000   -527.184865704771
  23.302    80.000   -527.253213409244
  23.665    80.000   -527.317642000711
  24.028    80.000   -527.378339175196
  24.391    80.000   -527.435487217019
  24.754    80.000   -527.489262766679
  25.117    80.000   -527.539836645666
  25.480    80.000   -527.587373732368
  25.843    80.000   -527.632032883579
  26.206    80.000   -527.673966896531
  26.569    80.000   -527.713322506744
  26.932    80.000   -527.750240417324
  27.295    80.000   -527.784855355709
  27.658    80.000   -527.817296154165
  28.021    80.000   -527.847685850670
  28.384    80.000   -527.876141807106
  28.747    80.000   -527.902775841947
  29.110    80.000   -527.927694374933
  29.473    80.000   -527.950998581417
  29.836    80.000   -527.972784554334
  30.199    80.000   -527.993143471953
  30.562    80.000   -528.012161769758
  30.925    80.000   -528.029921315003
  31.288    80.000   -528.046499582648
  31.651    80.000   -528.061969831540
  32.014    80.000   -528.076401279855
  32.377    80.000   -528.089859278938
  32.740    80.000   -528.102405484801
  33.103    80.000   -528.114098026657
  33.466    80.000   -528.124991671944
  33.829    80.000   -528.135137987422
  34.192    80.000   -528.144585495949
  34.555    80.000   -528.153379828679
  34.918    80.000   -528.161563872429
  35.281    80.000   -528.169177912072
  35.644    80.000   -528.176259767811
  36.007    80.000   -528.182844927289
  36.370    80.000   -528.188966672477
  36.733    80.000   -528.194656201361
  37.096    80.000   -528.199942744440
  37.459    80.000   -528.204853676100
  37.822    80.000   -528.209414620947
  38.185    80.000   -528.213649555173
  38.548    80.000   -528.217580903094
  38.911    80.000   -528.221229628960
  39.274    80.000   -528.224615324178
  39.637    80.000   -528.227756290100
  40.000    80.000   -528.230669616503
   4.062    90.000   -516.502055133643
   4.426    90.000   -516.526526947001
   4.789    90.000   -516.599703457958
   5.152    90.000   -516.715075825380
   5.515    90.000   -516.866927273019
   5.878    90.000   -517.050181155487
   6.241    90.000   -517.260297223510
   6.604    90.000   -517.493198229802
   6.967    90.000   -517.745215157483
   7.330    90.000   -518.013043916275
   7.693    90.000   -518.293709363682
   8.056    90.000   -518.584534337621
   8.419    90.000   -518.883112422624
   8.782    90.000   -519.187283720566
   9.145    90.000   -519.495113169109
   9.508    90.000   -519.804871078689
   9.871    90.000   -520.115015617924
  10.234    90.000   -520.424177008457
  10.597    90.000   -520.731143212705
  10.960    90.000   -521.034846919610
  11.323    90.000   -521.334353656243
  11.686    90.000   -521.628850876513
  12.049    90.000   -521.917637901160
  12.412    90.000   -522.200116604549
  12.775    90.000   -522.475782762679
  13.138    90.000   -522.744217993123
  13.501    90.000   -523.005082231010
  13.864    90.000   -523.258106696022
  14.227    90.000   -523.503087313918
  14.590    90.000   -523.739878562630
  14.953    90.000   -523.968387717910
  15.316    90.000   -524.188569477159
  15.679    90.000   -524.400420942681
  16.042    90.000   -524.603976947500
  16.405    90.000   -524.799305708136
  16.768    90.000   -524.986504789693
  17.131    90.000   -525.165697369151
  17.494    90.000   -525.337028783219
  17.857    90.000   -525.500663347359
  18.220    90.000   -525.656781432834
  18.583    90.000   -525.805576788791
  18.946    90.000   -525.947254096572
  19.309    90.000   -526.082026743618
  19.672    90.000   -526.210114804525
  20.035    90.000   -526.331743217043
  20.398    90.000   -526.447140141049
  20.761    90.000   -526.556535488818
  21.124    90.000   -526.660159615216
  21.487    90.000   -526.758242156803
  21.850    90.000   -526.851011009175
  22.213    90.000   -526.938691432294
  22.576    90.000   -527.021505273928
  22.939    90.000   -527.099670301792
  23.302    90.000   -527.173399635379
  23.665    90.000   -527.242901268937
  24.028    90.000   -527.308377677489
  24.391    90.000   -527.370025498244
  24.754    90.000   -527.428035280197
  25.117    90.000   -527.482591295155
  25.480    90.000   -527.533871403866
  25.843    90.000   -527.582046971349
  26.206    90.000   -527.627282825938
  26.569    90.000   -527.669737256961
  26.932    90.000   -527.709562046347
  27.295    90.000   -527.746902529837
  27.658    90.000   -527.781897683819
  28.021    90.000   -527.814680234161
  28.384    90.000   -527.845376783698
  28.747    90.000   -527.874107955381
  29.110    90.000   -527.900988548332
  29.473    90.000   -527.926127704349
  29.836    90.000   -527.949629082628
  30.199    90.000   -527.971591040723
  30.562    90.000   -527.992106819960
  30.925    90.000   -528.011264733739
  31.288    90.000   -528.029148357319
  31.651    90.000   -528.045836717875
  32.014    90.000   -528.061404483753
  32.377    90.000   -528.075922151995
  32.740    90.000   -528.089456233346
  33.103    90.000   -528.102069434053
  33.466    90.000   -528.113820833888
  33.829    90.000   -528.124766059925
  34.192    90.000   -528.134957455662
  34.555    90.000   -528.144444245204
  34.918    90.000   -528.153272692234
  35.281    90.000   -528.161486253612
  35.644    90.000   -528.169125727468
  36.007    90.000   -528.176229395704
  36.370    90.000   -528.182833160881
  36.733    90.000   -528.188970677482
  37.096    90.000   -528.194673477585
  37.459    90.000   -528.199971091009
  37.822    90.000   -528.204891160014
  38.185    90.000   -528.209459548654
  38.548    90.000   -528.213700446913
  38.911    90.000   -528.217636469743
  39.274    90.000   -528.221288751161
  39.637    90.000   -528.224677033546
  40.000    90.000   -528.227819752309
